<?xml version="1.0" encoding="UTF-8"?>
<!-- Generated by org.testng.reporters.JUnitReportReporter -->
<testsuite hostname="DESKTOP-KDQFS4P" failures="0" tests="1" name="testclasses.OtherFilterTest" time="24.944" errors="0" timestamp="2023-09-13T22:22:53 IST" skipped="0">
  <testcase classname="testclasses.OtherFilterTest" name="verifyFilter" time="24.944"/>
</testsuite> <!-- testclasses.OtherFilterTest -->
